<?xml version="1.0" encoding="UTF-8"?>
<!-- Generated by org.testng.reporters.JUnitReportReporter -->
<testsuite hostname="MSI" failures="0" tests="1" name="pruebaSelenium.NewTest" time="3.674" errors="0" timestamp="2024-04-18T10:16:33 COT" skipped="0">
  <testcase classname="pruebaSelenium.NewTest" name="f" time="3.674"/>
</testsuite> <!-- pruebaSelenium.NewTest -->
